<?xml version="1.0" encoding="utf-8"?><testsuites name="pytest tests"><testsuite name="pytest" errors="0" failures="0" skipped="0" tests="11" time="2.278" timestamp="2026-08-02T18:47:35.954470+00:00" hostname="agent-env-d8363e23-7bfd-4ea2-8cb1-1bf324058f00"><testcase classname="tests.test_iteration3.TestWiringShare" name="test_create_share_requires_auth" time="0.131" /><testcase classname="tests.test_iteration3.TestWiringShare" name="test_create_share_success" time="0.477" /><testcase classname="tests.test_iteration3.TestWiringShare" name="test_public_get_share_no_auth_and_increments" time="0.213" /><testcase classname="tests.test_iteration3.TestWiringShare" name="test_unknown_token_404" time="0.108" /><testcase classname="tests.test_iteration3.TestGoogleAuth" name="test_bogus_session_returns_401" time="0.215" /><testcase classname="tests.test_iteration3.TestGoogleAuth" name="test_missing_session_id_422" time="0.102" /><testcase classname="tests.test_iteration3.TestRegression" name="test_login" time="0.334" /><testcase classname="tests.test_iteration3.TestRegression" name="test_boards" time="0.092" /><testcase classname="tests.test_iteration3.TestRegression" name="test_templates" time="0.114" /><testcase classname="tests.test_iteration3.TestRegression" name="test_projects_and_history" time="0.234" /><testcase classname="tests.test_iteration3.TestRegression" name="test_sensors_modules" time="0.202" /></testsuite></testsuites>