<?xml version="1.0" encoding="utf-8"?><testsuites name="pytest tests"><testsuite name="pytest" errors="0" failures="0" skipped="0" tests="2" time="57.101" timestamp="2026-08-02T18:32:27.165737+00:00" hostname="agent-env-d8363e23-7bfd-4ea2-8cb1-1bf324058f00"><testcase classname="tests.test_iteration2.TestSerialMode" name="test_serial_mode_returns_explanation" time="17.345" /><testcase classname="tests.test_iteration2.TestGenerateRegression" name="test_generate_esp32_dht22" time="39.685" /></testsuite></testsuites>