<?xml version="1.0" encoding="utf-8"?><testsuites name="pytest tests"><testsuite name="pytest" errors="0" failures="0" skipped="0" tests="10" time="21.831" timestamp="2026-08-02T19:02:39.676630+00:00" hostname="agent-env-d8363e23-7bfd-4ea2-8cb1-1bf324058f00"><testcase classname="tests.test_iteration4.TestSearch" name="test_search_requires_auth" time="0.247" /><testcase classname="tests.test_iteration4.TestSearch" name="test_search_missing_q_422" time="0.472" /><testcase classname="tests.test_iteration4.TestSearch" name="test_search_esp32" time="0.109" /><testcase classname="tests.test_iteration4.TestSearch" name="test_search_blink" time="0.103" /><testcase classname="tests.test_iteration4.TestSearch" name="test_search_no_results" time="0.133" /><testcase classname="tests.test_iteration4.TestRegression" name="test_register_login_flow" time="0.758" /><testcase classname="tests.test_iteration4.TestRegression" name="test_wiring_share_create_and_public_get" time="0.233" /><testcase classname="tests.test_iteration4.TestRegression" name="test_generate_still_works" time="19.393" /><testcase classname="tests.test_iteration4.TestRegression" name="test_boards" time="0.155" /><testcase classname="tests.test_iteration4.TestRegression" name="test_templates" time="0.160" /></testsuite></testsuites>