<?xml version="1.0" encoding="utf-8"?><testsuites name="pytest tests"><testsuite name="pytest" errors="0" failures="0" skipped="1" tests="17" time="2.929" timestamp="2026-08-03T16:33:32.333513+00:00" hostname="agent-env-d8363e23-7bfd-4ea2-8cb1-1bf324058f00"><testcase classname="tests.test_iteration5" name="test_root_ok" time="0.320" /><testcase classname="tests.test_iteration5" name="test_health_ok" time="0.080" /><testcase classname="tests.test_iteration5" name="test_login_ok" time="0.612" /><testcase classname="tests.test_iteration5" name="test_me_ok" time="0.391" /><testcase classname="tests.test_iteration5" name="test_google_endpoint_removed" time="0.093" /><testcase classname="tests.test_iteration5" name="test_providers" time="0.081" /><testcase classname="tests.test_iteration5" name="test_generate_missing_key" time="0.005" /><testcase classname="tests.test_iteration5" name="test_projects_list" time="0.104" /><testcase classname="tests.test_iteration5" name="test_templates_list" time="0.097" /><testcase classname="tests.test_iteration5" name="test_boards_list" time="0.081" /><testcase classname="tests.test_iteration5" name="test_history_list" time="0.093" /><testcase classname="tests.test_iteration5" name="test_settings_get" time="0.158" /><testcase classname="tests.test_iteration5" name="test_admin_forbidden" time="0.087" /><testcase classname="tests.test_iteration5" name="test_search" time="0.081" /><testcase classname="tests.test_iteration5" name="test_wiring_share_public" time="0.087"><skipped type="pytest.skip" message="share create not supported: 404">/app/backend/tests/test_iteration5.py:145: share create not supported: 404</skipped></testcase><testcase classname="tests.test_iteration5" name="test_no_emergentintegrations_installed" time="0.199" /><testcase classname="tests.test_iteration5" name="test_no_emergent_imports_in_backend" time="0.003" /></testsuite></testsuites>