<?xml version="1.0" encoding="utf-8"?><testsuites name="pytest tests"><testsuite name="pytest" errors="0" failures="0" skipped="0" tests="7" time="1.014" timestamp="2026-08-03T17:05:09.889107+00:00" hostname="agent-env-d8363e23-7bfd-4ea2-8cb1-1bf324058f00"><testcase classname="tests.test_iteration6_google_auth.TestNoEmergentImports" name="test_no_emergentintegrations_in_backend" time="0.004" /><testcase classname="tests.test_iteration6_google_auth.TestGoogleAuthEndpoint" name="test_google_endpoint_exists_and_returns_503_when_unconfigured" time="0.007" /><testcase classname="tests.test_iteration6_google_auth.TestGoogleAuthEndpoint" name="test_google_endpoint_validates_body" time="0.002" /><testcase classname="tests.test_iteration6_google_auth.TestNoEmergentImports" name="test_no_emergent_in_frontend_src" time="0.003" /><testcase classname="tests.test_iteration6_google_auth.TestProvidersRegression" name="test_providers_list_vendor_independent" time="0.454" /><testcase classname="tests.test_iteration6_google_auth.TestAuthRegression" name="test_register_login_me_flow" time="0.679" /><testcase classname="tests.test_iteration6_google_auth.TestIndexHtmlGSI" name="test_gsi_script_present_and_no_emergent_junk" time="0.000" /></testsuite></testsuites>