<?xml version="1.0" encoding="utf-8"?><testsuites name="pytest tests"><testsuite name="pytest" errors="0" failures="0" skipped="0" tests="31" time="67.344" timestamp="2026-08-02T18:00:50.701973+00:00" hostname="agent-env-d8363e23-7bfd-4ea2-8cb1-1bf324058f00"><testcase classname="tests.backend_test.TestHealth" name="test_root" time="0.163" /><testcase classname="tests.backend_test.TestHealth" name="test_health" time="0.058" /><testcase classname="tests.backend_test.TestAuth" name="test_register_and_token" time="0.298" /><testcase classname="tests.backend_test.TestAuth" name="test_duplicate_register_400" time="0.057" /><testcase classname="tests.backend_test.TestAuth" name="test_login_valid" time="0.281" /><testcase classname="tests.backend_test.TestAuth" name="test_login_invalid" time="0.276" /><testcase classname="tests.backend_test.TestAuth" name="test_me" time="0.060" /><testcase classname="tests.backend_test.TestKnowledge" name="test_boards_list" time="0.057" /><testcase classname="tests.backend_test.TestKnowledge" name="test_board_detail" time="0.128" /><testcase classname="tests.backend_test.TestKnowledge" name="test_templates" time="0.055" /><testcase classname="tests.backend_test.TestKnowledge" name="test_sensors" time="0.055" /><testcase classname="tests.backend_test.TestKnowledge" name="test_modules" time="0.050" /><testcase classname="tests.backend_test.TestKnowledge" name="test_protocols" time="0.055" /><testcase classname="tests.backend_test.TestProjects" name="test_create" time="0.068" /><testcase classname="tests.backend_test.TestProjects" name="test_list" time="0.064" /><testcase classname="tests.backend_test.TestProjects" name="test_update" time="0.070" /><testcase classname="tests.backend_test.TestProjects" name="test_clone" time="0.056" /><testcase classname="tests.backend_test.TestProjects" name="test_delete" time="0.055" /><testcase classname="tests.backend_test.TestGenerate" name="test_generate" time="17.995" /><testcase classname="tests.backend_test.TestGenerate" name="test_explain" time="37.036" /><testcase classname="tests.backend_test.TestHistory" name="test_list" time="0.059" /><testcase classname="tests.backend_test.TestHistory" name="test_detail" time="0.065" /><testcase classname="tests.backend_test.TestHistory" name="test_delete" time="0.051" /><testcase classname="tests.backend_test.TestSettings" name="test_get_defaults" time="0.062" /><testcase classname="tests.backend_test.TestSettings" name="test_update" time="0.057" /><testcase classname="tests.backend_test.TestChat" name="test_message" time="9.656" /><testcase classname="tests.backend_test.TestChat" name="test_session_history" time="0.153" /><testcase classname="tests.backend_test.TestChat" name="test_sessions" time="0.061" /><testcase classname="tests.backend_test.TestAdminGuard" name="test_stats_forbidden" time="0.055" /><testcase classname="tests.backend_test.TestAdminGuard" name="test_users_forbidden" time="0.051" /><testcase classname="tests.backend_test" name="test_zzz_cleanup" time="0.061" /></testsuite></testsuites>